<?xml version="1.0" encoding="UTF-8"?>
<testsuite xmlns:xsi="http://www.w3.org/2001/XMLSchema-instance" xsi:noNamespaceSchemaLocation="https://maven.apache.org/surefire/maven-surefire-plugin/xsd/surefire-test-report-3.0.xsd" version="3.0" name="TestSuite" time="189.287" tests="3" errors="0" skipped="0" failures="1">
  <properties>
    <property name="java.specification.version" value="16"/>
    <property name="sun.cpu.isalist" value="amd64"/>
    <property name="sun.jnu.encoding" value="Cp1250"/>
    <property name="java.class.path" value="E:\itprojects\com.automationpractice\target\test-classes;E:\itprojects\com.automationpractice\target\classes;C:\Users\user\.m2\repository\org\seleniumhq\selenium\selenium-server\4.0.0-alpha-2\selenium-server-4.0.0-alpha-2.jar;C:\Users\user\.m2\repository\org\seleniumhq\selenium\selenium-java\4.0.0-alpha-2\selenium-java-4.0.0-alpha-2.jar;C:\Users\user\.m2\repository\org\seleniumhq\selenium\selenium-chrome-driver\4.0.0-alpha-2\selenium-chrome-driver-4.0.0-alpha-2.jar;C:\Users\user\.m2\repository\org\seleniumhq\selenium\selenium-chromium-driver\4.0.0-alpha-2\selenium-chromium-driver-4.0.0-alpha-2.jar;C:\Users\user\.m2\repository\org\seleniumhq\selenium\selenium-edgehtml-driver\4.0.0-alpha-2\selenium-edgehtml-driver-4.0.0-alpha-2.jar;C:\Users\user\.m2\repository\org\seleniumhq\selenium\selenium-edge-driver\4.0.0-alpha-2\selenium-edge-driver-4.0.0-alpha-2.jar;C:\Users\user\.m2\repository\org\seleniumhq\selenium\selenium-firefox-xpi-driver\4.0.0-alpha-2\selenium-firefox-xpi-driver-4.0.0-alpha-2.jar;C:\Users\user\.m2\repository\org\seleniumhq\selenium\selenium-ie-driver\4.0.0-alpha-2\selenium-ie-driver-4.0.0-alpha-2.jar;C:\Users\user\.m2\repository\org\seleniumhq\selenium\selenium-remote-driver\4.0.0-alpha-2\selenium-remote-driver-4.0.0-alpha-2.jar;C:\Users\user\.m2\repository\org\seleniumhq\selenium\selenium-api\4.0.0-alpha-2\selenium-api-4.0.0-alpha-2.jar;C:\Users\user\.m2\repository\net\bytebuddy\byte-buddy\1.9.12\byte-buddy-1.9.12.jar;C:\Users\user\.m2\repository\org\apache\commons\commons-exec\1.3\commons-exec-1.3.jar;C:\Users\user\.m2\repository\io\opentracing\contrib\opentracing-tracerresolver\0.1.7\opentracing-tracerresolver-0.1.7.jar;C:\Users\user\.m2\repository\io\opentracing\opentracing-api\0.33.0\opentracing-api-0.33.0.jar;C:\Users\user\.m2\repository\com\google\guava\guava\27.1-jre\guava-27.1-jre.jar;C:\Users\user\.m2\repository\com\google\guava\failureaccess\1.0.1\failureaccess-1.0.1.jar;C:\Users\user\.m2\repository\com\google\guava\listenablefuture\9999.0-empty-to-avoid-conflict-with-guava\listenablefuture-9999.0-empty-to-avoid-conflict-with-guava.jar;C:\Users\user\.m2\repository\com\google\code\findbugs\jsr305\3.0.2\jsr305-3.0.2.jar;C:\Users\user\.m2\repository\org\checkerframework\checker-qual\2.5.2\checker-qual-2.5.2.jar;C:\Users\user\.m2\repository\com\google\errorprone\error_prone_annotations\2.2.0\error_prone_annotations-2.2.0.jar;C:\Users\user\.m2\repository\com\google\j2objc\j2objc-annotations\1.1\j2objc-annotations-1.1.jar;C:\Users\user\.m2\repository\org\codehaus\mojo\animal-sniffer-annotations\1.17\animal-sniffer-annotations-1.17.jar;C:\Users\user\.m2\repository\com\squareup\okhttp3\okhttp\3.14.0\okhttp-3.14.0.jar;C:\Users\user\.m2\repository\com\squareup\okio\okio\1.17.2\okio-1.17.2.jar;C:\Users\user\.m2\repository\io\opentracing\opentracing-util\0.33.0\opentracing-util-0.33.0.jar;C:\Users\user\.m2\repository\io\opentracing\opentracing-noop\0.33.0\opentracing-noop-0.33.0.jar;C:\Users\user\.m2\repository\org\seleniumhq\selenium\selenium-opera-driver\4.0.0-alpha-2\selenium-opera-driver-4.0.0-alpha-2.jar;C:\Users\user\.m2\repository\org\seleniumhq\selenium\selenium-safari-driver\4.0.0-alpha-2\selenium-safari-driver-4.0.0-alpha-2.jar;C:\Users\user\.m2\repository\org\seleniumhq\selenium\selenium-support\4.0.0-alpha-2\selenium-support-4.0.0-alpha-2.jar;C:\Users\user\.m2\repository\org\seleniumhq\selenium\grid\4.0.0-alpha-2\grid-4.0.0-alpha-2.jar;C:\Users\user\.m2\repository\org\seleniumhq\selenium\selenium-firefox-driver\4.0.0-alpha-2\selenium-firefox-driver-4.0.0-alpha-2.jar;C:\Users\user\.m2\repository\org\seleniumhq\selenium\jetty-repacked\9.4.12.v20180830.1\jetty-repacked-9.4.12.v20180830.1.jar;C:\Users\user\.m2\repository\javax\servlet\javax.servlet-api\3.1.0\javax.servlet-api-3.1.0.jar;C:\Users\user\.m2\repository\org\slf4j\slf4j-api\1.7.25\slf4j-api-1.7.25.jar;C:\Users\user\.m2\repository\org\zeromq\jeromq\0.5.1\jeromq-0.5.1.jar;C:\Users\user\.m2\repository\eu\neilalexander\jnacl\1.0.0\jnacl-1.0.0.jar;C:\Users\user\.m2\repository\net\jcip\jcip-annotations\1.0\jcip-annotations-1.0.jar;C:\Users\user\.m2\repository\org\yaml\snakeyaml\1.24\snakeyaml-1.24.jar;C:\Users\user\.m2\repository\org\testng\testng\7.4.0\testng-7.4.0.jar;C:\Users\user\.m2\repository\com\beust\jcommander\1.78\jcommander-1.78.jar;C:\Users\user\.m2\repository\org\webjars\jquery\3.5.1\jquery-3.5.1.jar;"/>
    <property name="java.vm.vendor" value="Oracle Corporation"/>
    <property name="sun.arch.data.model" value="64"/>
    <property name="user.variant" value=""/>
    <property name="java.vendor.url" value="https://java.oracle.com/"/>
    <property name="user.timezone" value="Europe/Warsaw"/>
    <property name="os.name" value="Windows 10"/>
    <property name="java.vm.specification.version" value="16"/>
    <property name="sun.java.launcher" value="SUN_STANDARD"/>
    <property name="user.country" value="PL"/>
    <property name="sun.boot.library.path" value="E:\itstuff\Java\jdk-16.0.1\bin"/>
    <property name="sun.java.command" value="C:\Users\user\AppData\Local\Temp\surefire10023119180076008393\surefirebooter2625861933242475060.jar C:\Users\user\AppData\Local\Temp\surefire10023119180076008393 2021-09-06T08-59-14_665-jvmRun1 surefire10761425732022280839tmp surefire_017001484063161305107tmp"/>
    <property name="jdk.debug" value="release"/>
    <property name="surefire.test.class.path" value="E:\itprojects\com.automationpractice\target\test-classes;E:\itprojects\com.automationpractice\target\classes;C:\Users\user\.m2\repository\org\seleniumhq\selenium\selenium-server\4.0.0-alpha-2\selenium-server-4.0.0-alpha-2.jar;C:\Users\user\.m2\repository\org\seleniumhq\selenium\selenium-java\4.0.0-alpha-2\selenium-java-4.0.0-alpha-2.jar;C:\Users\user\.m2\repository\org\seleniumhq\selenium\selenium-chrome-driver\4.0.0-alpha-2\selenium-chrome-driver-4.0.0-alpha-2.jar;C:\Users\user\.m2\repository\org\seleniumhq\selenium\selenium-chromium-driver\4.0.0-alpha-2\selenium-chromium-driver-4.0.0-alpha-2.jar;C:\Users\user\.m2\repository\org\seleniumhq\selenium\selenium-edgehtml-driver\4.0.0-alpha-2\selenium-edgehtml-driver-4.0.0-alpha-2.jar;C:\Users\user\.m2\repository\org\seleniumhq\selenium\selenium-edge-driver\4.0.0-alpha-2\selenium-edge-driver-4.0.0-alpha-2.jar;C:\Users\user\.m2\repository\org\seleniumhq\selenium\selenium-firefox-xpi-driver\4.0.0-alpha-2\selenium-firefox-xpi-driver-4.0.0-alpha-2.jar;C:\Users\user\.m2\repository\org\seleniumhq\selenium\selenium-ie-driver\4.0.0-alpha-2\selenium-ie-driver-4.0.0-alpha-2.jar;C:\Users\user\.m2\repository\org\seleniumhq\selenium\selenium-remote-driver\4.0.0-alpha-2\selenium-remote-driver-4.0.0-alpha-2.jar;C:\Users\user\.m2\repository\org\seleniumhq\selenium\selenium-api\4.0.0-alpha-2\selenium-api-4.0.0-alpha-2.jar;C:\Users\user\.m2\repository\net\bytebuddy\byte-buddy\1.9.12\byte-buddy-1.9.12.jar;C:\Users\user\.m2\repository\org\apache\commons\commons-exec\1.3\commons-exec-1.3.jar;C:\Users\user\.m2\repository\io\opentracing\contrib\opentracing-tracerresolver\0.1.7\opentracing-tracerresolver-0.1.7.jar;C:\Users\user\.m2\repository\io\opentracing\opentracing-api\0.33.0\opentracing-api-0.33.0.jar;C:\Users\user\.m2\repository\com\google\guava\guava\27.1-jre\guava-27.1-jre.jar;C:\Users\user\.m2\repository\com\google\guava\failureaccess\1.0.1\failureaccess-1.0.1.jar;C:\Users\user\.m2\repository\com\google\guava\listenablefuture\9999.0-empty-to-avoid-conflict-with-guava\listenablefuture-9999.0-empty-to-avoid-conflict-with-guava.jar;C:\Users\user\.m2\repository\com\google\code\findbugs\jsr305\3.0.2\jsr305-3.0.2.jar;C:\Users\user\.m2\repository\org\checkerframework\checker-qual\2.5.2\checker-qual-2.5.2.jar;C:\Users\user\.m2\repository\com\google\errorprone\error_prone_annotations\2.2.0\error_prone_annotations-2.2.0.jar;C:\Users\user\.m2\repository\com\google\j2objc\j2objc-annotations\1.1\j2objc-annotations-1.1.jar;C:\Users\user\.m2\repository\org\codehaus\mojo\animal-sniffer-annotations\1.17\animal-sniffer-annotations-1.17.jar;C:\Users\user\.m2\repository\com\squareup\okhttp3\okhttp\3.14.0\okhttp-3.14.0.jar;C:\Users\user\.m2\repository\com\squareup\okio\okio\1.17.2\okio-1.17.2.jar;C:\Users\user\.m2\repository\io\opentracing\opentracing-util\0.33.0\opentracing-util-0.33.0.jar;C:\Users\user\.m2\repository\io\opentracing\opentracing-noop\0.33.0\opentracing-noop-0.33.0.jar;C:\Users\user\.m2\repository\org\seleniumhq\selenium\selenium-opera-driver\4.0.0-alpha-2\selenium-opera-driver-4.0.0-alpha-2.jar;C:\Users\user\.m2\repository\org\seleniumhq\selenium\selenium-safari-driver\4.0.0-alpha-2\selenium-safari-driver-4.0.0-alpha-2.jar;C:\Users\user\.m2\repository\org\seleniumhq\selenium\selenium-support\4.0.0-alpha-2\selenium-support-4.0.0-alpha-2.jar;C:\Users\user\.m2\repository\org\seleniumhq\selenium\grid\4.0.0-alpha-2\grid-4.0.0-alpha-2.jar;C:\Users\user\.m2\repository\org\seleniumhq\selenium\selenium-firefox-driver\4.0.0-alpha-2\selenium-firefox-driver-4.0.0-alpha-2.jar;C:\Users\user\.m2\repository\org\seleniumhq\selenium\jetty-repacked\9.4.12.v20180830.1\jetty-repacked-9.4.12.v20180830.1.jar;C:\Users\user\.m2\repository\javax\servlet\javax.servlet-api\3.1.0\javax.servlet-api-3.1.0.jar;C:\Users\user\.m2\repository\org\slf4j\slf4j-api\1.7.25\slf4j-api-1.7.25.jar;C:\Users\user\.m2\repository\org\zeromq\jeromq\0.5.1\jeromq-0.5.1.jar;C:\Users\user\.m2\repository\eu\neilalexander\jnacl\1.0.0\jnacl-1.0.0.jar;C:\Users\user\.m2\repository\net\jcip\jcip-annotations\1.0\jcip-annotations-1.0.jar;C:\Users\user\.m2\repository\org\yaml\snakeyaml\1.24\snakeyaml-1.24.jar;C:\Users\user\.m2\repository\org\testng\testng\7.4.0\testng-7.4.0.jar;C:\Users\user\.m2\repository\com\beust\jcommander\1.78\jcommander-1.78.jar;C:\Users\user\.m2\repository\org\webjars\jquery\3.5.1\jquery-3.5.1.jar;"/>
    <property name="sun.cpu.endian" value="little"/>
    <property name="user.home" value="C:\Users\user"/>
    <property name="user.language" value="pl"/>
    <property name="java.specification.vendor" value="Oracle Corporation"/>
    <property name="java.version.date" value="2021-04-20"/>
    <property name="java.home" value="E:\itstuff\Java\jdk-16.0.1"/>
    <property name="file.separator" value="\"/>
    <property name="basedir" value="E:\itprojects\com.automationpractice"/>
    <property name="java.vm.compressedOopsMode" value="32-bit"/>
    <property name="line.separator" value="&#10;"/>
    <property name="java.vm.specification.vendor" value="Oracle Corporation"/>
    <property name="java.specification.name" value="Java Platform API Specification"/>
    <property name="surefire.real.class.path" value="C:\Users\user\AppData\Local\Temp\surefire10023119180076008393\surefirebooter2625861933242475060.jar"/>
    <property name="user.script" value=""/>
    <property name="sun.management.compiler" value="HotSpot 64-Bit Tiered Compilers"/>
    <property name="java.runtime.version" value="16.0.1+9-24"/>
    <property name="webdriver.edge.driver" value="E:/itprojects/com.automationpractice/src/main/resources/msedgedriver.exe"/>
    <property name="user.name" value="user"/>
    <property name="path.separator" value=";"/>
    <property name="os.version" value="10.0"/>
    <property name="java.runtime.name" value="Java(TM) SE Runtime Environment"/>
    <property name="file.encoding" value="Cp1250"/>
    <property name="java.vm.name" value="Java HotSpot(TM) 64-Bit Server VM"/>
    <property name="localRepository" value="C:\Users\user\.m2\repository"/>
    <property name="java.vendor.url.bug" value="https://bugreport.java.com/bugreport/"/>
    <property name="java.io.tmpdir" value="C:\Users\user\AppData\Local\Temp\"/>
    <property name="java.version" value="16.0.1"/>
    <property name="user.dir" value="E:\itprojects\com.automationpractice"/>
    <property name="os.arch" value="amd64"/>
    <property name="java.vm.specification.name" value="Java Virtual Machine Specification"/>
    <property name="sun.os.patch.level" value=""/>
    <property name="java.library.path" value="E:\itstuff\Java\jdk-16.0.1\bin;C:\WINDOWS\Sun\Java\bin;C:\WINDOWS\system32;C:\WINDOWS;C:\Program Files\Common Files\Oracle\Java\javapath;E:\itstuff\Java\jdk-16.0.1\bin;E:\itstuff\Java\jdk-16.0.1\bin;E:\itstuff\Git\cmd;E:\itstuff\apache-maven-3.8.1\bin;C:\Program Files\dotnet\;C:\Program Files\MySQL\MySQL Shell 8.0\bin\;C:\Users\user\AppData\Local\Microsoft\WindowsApps;&quot;C:\Program Files\JetBrains\IntelliJ IDEA Community Edition 2021.1.1\bin;E:\itstuff\IntelliJ IDEA Community Edition 2021.1.1\bin&quot;;;E:\itstuff\Java\jdk-16.0.1\;;."/>
    <property name="java.vm.info" value="mixed mode, sharing"/>
    <property name="java.vendor" value="Oracle Corporation"/>
    <property name="java.vm.version" value="16.0.1+9-24"/>
    <property name="sun.io.unicode.encoding" value="UnicodeLittle"/>
    <property name="java.class.version" value="60.0"/>
  </properties>
  <testcase name="searchFunction1" classname="com.automationpractice.PositiveSearchFunctionTest" time="48.043">
    <system-err><![CDATA[Starting MSEdgeDriver 92.0.902.62 (e0b431c35804391fdedd209e4e727584e80a3fd0) on port 46841
Only local connections are allowed.
Please see https://chromedriver.chromium.org/security-considerations for suggestions on keeping MSEdgeDriver safe.
MSEdgeDriver was started successfully.
[1630911619.422][WARNING]: This version of MSEdgeDriver has not been tested with MSEdge version 93.
wrz 06, 2021 9:00:21 AM org.openqa.selenium.remote.ProtocolHandshake createSession
INFO: Detected dialect: W3C
]]></system-err>
  </testcase>
  <testcase name="searchFunction2" classname="com.automationpractice.FailedSearchFunctionTest" time="10.797">
    <failure message="no such element: Unable to locate element: {&quot;method&quot;:&quot;xpath&quot;,&quot;selector&quot;:&quot;//span[contains(text(), &apos;1 result has been found.&apos;)]&quot;}&#10;  (Session info: MicrosoftEdge=93.0.961.38)&#10;For documentation on this error, please visit: https://www.seleniumhq.org/exceptions/no_such_element.html&#10;Build info: version: &apos;4.0.0-alpha-2&apos;, revision: &apos;f148142cf8&apos;, time: &apos;2019-07-01T20:55:26&apos;&#10;System info: host: &apos;DESKTOP-RV0BJHM&apos;, ip: &apos;192.168.1.102&apos;, os.name: &apos;Windows 10&apos;, os.arch: &apos;amd64&apos;, os.version: &apos;10.0&apos;, java.version: &apos;16.0.1&apos;&#10;Driver info: org.openqa.selenium.edge.EdgeDriver&#10;Capabilities {acceptInsecureCerts: false, browserName: msedge, browserVersion: 93.0.961.38, javascriptEnabled: true, ms:edgeOptions: {debuggerAddress: localhost:53305}, msedge: {msedgedriverVersion: 92.0.902.62 (e0b431c3580439..., userDataDir: C:\Users\user\AppData\Local...}, networkConnectionEnabled: false, pageLoadStrategy: normal, platform: WINDOWS, platformName: WINDOWS, proxy: Proxy(), setWindowRect: true, strictFileInteractability: false, timeouts: {implicit: 0, pageLoad: 300000, script: 30000}, unhandledPromptBehavior: dismiss and notify, webauthn:extension:credBlob: true, webauthn:extension:largeBlob: true, webauthn:virtualAuthenticators: true}&#10;Session ID: 89cb78de58ee37579d593f7126c9d950&#10;*** Element info: {Using=xpath, value=//span[contains(text(), &apos;1 result has been found.&apos;)]}" type="org.openqa.selenium.NoSuchElementException"><![CDATA[org.openqa.selenium.NoSuchElementException: 
no such element: Unable to locate element: {"method":"xpath","selector":"//span[contains(text(), '1 result has been found.')]"}
  (Session info: MicrosoftEdge=93.0.961.38)
For documentation on this error, please visit: https://www.seleniumhq.org/exceptions/no_such_element.html
Build info: version: '4.0.0-alpha-2', revision: 'f148142cf8', time: '2019-07-01T20:55:26'
System info: host: 'DESKTOP-RV0BJHM', ip: '192.168.1.102', os.name: 'Windows 10', os.arch: 'amd64', os.version: '10.0', java.version: '16.0.1'
Driver info: org.openqa.selenium.edge.EdgeDriver
Capabilities {acceptInsecureCerts: false, browserName: msedge, browserVersion: 93.0.961.38, javascriptEnabled: true, ms:edgeOptions: {debuggerAddress: localhost:53305}, msedge: {msedgedriverVersion: 92.0.902.62 (e0b431c3580439..., userDataDir: C:\Users\user\AppData\Local...}, networkConnectionEnabled: false, pageLoadStrategy: normal, platform: WINDOWS, platformName: WINDOWS, proxy: Proxy(), setWindowRect: true, strictFileInteractability: false, timeouts: {implicit: 0, pageLoad: 300000, script: 30000}, unhandledPromptBehavior: dismiss and notify, webauthn:extension:credBlob: true, webauthn:extension:largeBlob: true, webauthn:virtualAuthenticators: true}
Session ID: 89cb78de58ee37579d593f7126c9d950
*** Element info: {Using=xpath, value=//span[contains(text(), '1 result has been found.')]}
	at com.automationpractice.FailedSearchFunctionTest.searchFunction2(FailedSearchFunctionTest.java:20)
]]></failure>
    <system-err><![CDATA[Starting MSEdgeDriver 92.0.902.62 (e0b431c35804391fdedd209e4e727584e80a3fd0) on port 1689
Only local connections are allowed.
Please see https://chromedriver.chromium.org/security-considerations for suggestions on keeping MSEdgeDriver safe.
MSEdgeDriver was started successfully.
[1630911703.992][WARNING]: This version of MSEdgeDriver has not been tested with MSEdge version 93.
wrz 06, 2021 9:01:48 AM org.openqa.selenium.remote.ProtocolHandshake createSession
INFO: Detected dialect: W3C
]]></system-err>
  </testcase>
  <testcase name="cartFn" classname="com.automationpractice.CartFunctionTest" time="20.314">
    <system-err><![CDATA[Starting MSEdgeDriver 92.0.902.62 (e0b431c35804391fdedd209e4e727584e80a3fd0) on port 23265
Only local connections are allowed.
Please see https://chromedriver.chromium.org/security-considerations for suggestions on keeping MSEdgeDriver safe.
MSEdgeDriver was started successfully.
[1630911726.138][WARNING]: This version of MSEdgeDriver has not been tested with MSEdge version 93.
wrz 06, 2021 9:02:07 AM org.openqa.selenium.remote.ProtocolHandshake createSession
INFO: Detected dialect: W3C
]]></system-err>
  </testcase>
</testsuite>