<?xml version="1.0" encoding="UTF-8"?>
<!-- Generated by org.testng.reporters.JUnitReportReporter -->
<testsuite hostname="DESKTOP-RV0BJHM" failures="0" tests="1" name="com.automationpractice.PositiveSearchFunctionTest" time="108.851" errors="0" timestamp="2021-09-06T09:02:29 CEST" skipped="0">
  <testcase classname="com.automationpractice.PositiveSearchFunctionTest" name="searchFunction1" time="108.851"/>
  <system-out/>
</testsuite> <!-- com.automationpractice.PositiveSearchFunctionTest -->
